<?xml version="1.0" encoding="UTF-8"?>
<!-- Generated by org.testng.reporters.JUnitReportReporter -->
<testsuite hostname="UMESH-PC" name="com.via.holiday.pages.TestHomePageHoliday" tests="1" failures="0" timestamp="12 Sep 2015 08:46:14 GMT" time="0.062" errors="0">
  <testcase name="holidayHomePage_UI_Content_images_Test" time="0.062" classname="com.via.holiday.pages.TestHomePageHoliday"/>
</testsuite> <!-- com.via.holiday.pages.TestHomePageHoliday -->
