<?xml version="1.0" encoding="UTF-8"?>
<!-- Generated by org.testng.reporters.JUnitReportReporter -->
<testsuite hostname="UMESH-PC" name="com.via.holiday.pages.TestHomePageHoliday" tests="7" failures="0" timestamp="20 Aug 2015 11:24:12 GMT" time="3.712" errors="0">
  <testcase name="titleHolidayTest" time="0.035" classname="com.via.holiday.pages.TestHomePageHoliday"/>
  <testcase name="testPackagesCollectionImagesPresent" time="0.003" classname="com.via.holiday.pages.TestHomePageHoliday"/>
  <testcase name="testwhyViaFooterImages" time="0.003" classname="com.via.holiday.pages.TestHomePageHoliday"/>
  <testcase name="logoTest" time="3.663" classname="com.via.holiday.pages.TestHomePageHoliday"/>
  <testcase name="testHotDealsImagesPresent" time="0.003" classname="com.via.holiday.pages.TestHomePageHoliday"/>
  <testcase name="menuProductNameTest" time="0.003" classname="com.via.holiday.pages.TestHomePageHoliday"/>
  <testcase name="menuProductIconTest" time="0.002" classname="com.via.holiday.pages.TestHomePageHoliday"/>
</testsuite> <!-- com.via.holiday.pages.TestHomePageHoliday -->
