<?xml version="1.0" encoding="UTF-8"?>
<!-- Generated by org.testng.reporters.JUnitReportReporter -->
<testsuite hostname="UMESH-PC" name="com.via.holiday.pages.TestHomePageHoliday" tests="6" failures="0" timestamp="23 Aug 2015 03:28:51 GMT" time="7.451" errors="0">
  <testcase name="titleHolidayTest" time="0.002" classname="com.via.holiday.pages.TestHomePageHoliday"/>
  <testcase name="testPackagesCollectionImagesPresent" time="0.349" classname="com.via.holiday.pages.TestHomePageHoliday"/>
  <testcase name="testSendUsYourFeedback" time="2.230" classname="com.via.holiday.pages.TestHomePageHoliday"/>
  <testcase name="menuProductNameTest" time="4.196" classname="com.via.holiday.pages.TestHomePageHoliday"/>
  <testcase name="testWhyViaContent" time="0.581" classname="com.via.holiday.pages.TestHomePageHoliday"/>
  <testcase name="testHotDealsImagesPresent" time="0.093" classname="com.via.holiday.pages.TestHomePageHoliday"/>
</testsuite> <!-- com.via.holiday.pages.TestHomePageHoliday -->
