<?xml version="1.0" encoding="UTF-8"?>
<!-- Generated by org.testng.reporters.JUnitReportReporter -->
<testsuite hostname="UMESH-PC" name="com.via.holiday.pages.TestHomePage" tests="5" failures="0" timestamp="3 Aug 2015 02:30:40 GMT" time="162.871" errors="0">
  <testcase name="testPackagesCollectionImagesPresent" time="47.647" classname="com.via.holiday.pages.TestHomePage"/>
  <testcase name="titleHoliday" time="2.056" classname="com.via.holiday.pages.TestHomePage"/>
  <testcase name="logoTest" time="17.806" classname="com.via.holiday.pages.TestHomePage"/>
  <testcase name="testHotDealsImagesPresent" time="26.395" classname="com.via.holiday.pages.TestHomePage"/>
  <testcase name="menuProductIconTest" time="68.967" classname="com.via.holiday.pages.TestHomePage"/>
</testsuite> <!-- com.via.holiday.pages.TestHomePage -->
