<?xml version="1.0" encoding="UTF-8"?>
<!-- Generated by org.testng.reporters.JUnitReportReporter -->
<testsuite hostname="UMESH-PC" name="com.via.base.util.DataProviderExample" tests="3" failures="0" timestamp="23 Aug 2015 10:09:54 GMT" time="16.225" errors="0">
  <testcase name="setData" time="4.712" classname="com.via.base.util.DataProviderExample"/>
  <testcase name="setData" time="7.331" classname="com.via.base.util.DataProviderExample"/>
  <testcase name="setData" time="4.182" classname="com.via.base.util.DataProviderExample"/>
</testsuite> <!-- com.via.base.util.DataProviderExample -->
