<?xml version="1.0" encoding="UTF-8"?>
<!-- Generated by org.testng.reporters.JUnitReportReporter -->
<testsuite hostname="UMESH-PC" name="com.via.holiday.pages.TestHomePageHoliday" tests="2" failures="0" timestamp="20 Aug 2015 17:37:43 GMT" time="0.587" errors="0">
  <testcase name="testHotDealsImagesPresent" time="0.312" classname="com.via.holiday.pages.TestHomePageHoliday"/>
  <testcase name="testPackagesCollectionImagesPresent" time="0.275" classname="com.via.holiday.pages.TestHomePageHoliday"/>
</testsuite> <!-- com.via.holiday.pages.TestHomePageHoliday -->
