<?xml version="1.0" encoding="UTF-8"?>
<!-- Generated by org.testng.reporters.JUnitReportReporter -->
<testsuite hostname="UMESH-PC" name="com.via.holiday.pages.HomePage" tests="1" failures="0" timestamp="15 Jul 2015 16:08:15 GMT" time="20.858" errors="0">
  <testcase name="TestHomePageTitle" time="20.858" classname="com.via.holiday.pages.HomePage"/>
</testsuite> <!-- com.via.holiday.pages.HomePage -->
