<?xml version="1.0" encoding="UTF-8"?>
<!-- Generated by org.testng.reporters.JUnitReportReporter -->
<testsuite hostname="UMESH-PC" name="com.via.holiday.pages.HolidayPagesTest" tests="1" failures="0" timestamp="10 Oct 2015 15:44:37 GMT" time="50.294" errors="0">
  <testcase name="sightseeingFilterTest" time="50.294" classname="com.via.holiday.pages.HolidayPagesTest"/>
</testsuite> <!-- com.via.holiday.pages.HolidayPagesTest -->
