<?xml version="1.0" encoding="UTF-8"?>
<!-- Generated by org.testng.reporters.JUnitReportReporter -->
<testsuite hostname="UMESH-PC" name="com.via.holiday.pages.TestHomePageHoliday" tests="7" failures="0" timestamp="8 Aug 2015 09:48:26 GMT" time="5.311" errors="0">
  <testcase name="titleHolidayTest" time="0.001" classname="com.via.holiday.pages.TestHomePageHoliday"/>
  <testcase name="testHotDealsImagesPresent" time="0.086" classname="com.via.holiday.pages.TestHomePageHoliday"/>
  <testcase name="logoTest" time="0.627" classname="com.via.holiday.pages.TestHomePageHoliday"/>
  <testcase name="testwhyViaFooterImages" time="0.001" classname="com.via.holiday.pages.TestHomePageHoliday"/>
  <testcase name="testPackagesCollectionImagesPresent" time="0.230" classname="com.via.holiday.pages.TestHomePageHoliday"/>
  <testcase name="menuProductIconTest" time="3.087" classname="com.via.holiday.pages.TestHomePageHoliday"/>
  <testcase name="menuProductNameTest" time="1.279" classname="com.via.holiday.pages.TestHomePageHoliday"/>
</testsuite> <!-- com.via.holiday.pages.TestHomePageHoliday -->
