<?xml version="1.0" encoding="UTF-8"?>
<!-- Generated by org.testng.reporters.JUnitReportReporter -->
<testsuite hostname="UMESH-PC" name="com.via.holiday.pages.TestHomePageHoliday" tests="6" failures="0" timestamp="4 Aug 2015 04:59:13 GMT" time="5.234" errors="0">
  <testcase name="testwhyViaFooterImages" time="0.531" classname="com.via.holiday.pages.TestHomePageHoliday"/>
  <testcase name="logoTest" time="2.528" classname="com.via.holiday.pages.TestHomePageHoliday"/>
  <testcase name="testHotDealsImagesPresent" time="0.312" classname="com.via.holiday.pages.TestHomePageHoliday"/>
  <testcase name="testPackagesCollectionImagesPresent" time="0.709" classname="com.via.holiday.pages.TestHomePageHoliday"/>
  <testcase name="titleHoliday" time="0.034" classname="com.via.holiday.pages.TestHomePageHoliday"/>
  <testcase name="menuProductIconTest" time="1.120" classname="com.via.holiday.pages.TestHomePageHoliday"/>
</testsuite> <!-- com.via.holiday.pages.TestHomePageHoliday -->
