<?xml version="1.0" encoding="UTF-8"?>
<!-- Generated by org.testng.reporters.JUnitReportReporter -->
<testsuite hostname="UMESH-PC" name="com.via.holiday.pages.TestHomePageHoliday" tests="2" failures="0" timestamp="21 Aug 2015 02:47:42 GMT" time="2.396" errors="0">
  <testcase name="testSendUsYourFeedback" time="1.965" classname="com.via.holiday.pages.TestHomePageHoliday"/>
  <testcase name="testPackagesCollectionImagesPresent" time="0.431" classname="com.via.holiday.pages.TestHomePageHoliday"/>
</testsuite> <!-- com.via.holiday.pages.TestHomePageHoliday -->
