<?xml version="1.0" encoding="UTF-8"?>
<!-- Generated by org.testng.reporters.JUnitReportReporter -->
<testsuite hostname="UMESH-PC" name="com.via.holiday.pages.TestHomePageHoliday" tests="6" failures="0" timestamp="23 Aug 2015 10:02:58 GMT" time="46.882" errors="0">
  <testcase name="testPackagesCollectionImagesPresent" time="1.060" classname="com.via.holiday.pages.TestHomePageHoliday"/>
  <testcase name="titleHolidayTest" time="0.001" classname="com.via.holiday.pages.TestHomePageHoliday"/>
  <testcase name="testHotDealsImagesPresent" time="0.598" classname="com.via.holiday.pages.TestHomePageHoliday"/>
  <testcase name="menuProductNameTest" time="17.146" classname="com.via.holiday.pages.TestHomePageHoliday"/>
  <testcase name="testWhyViaContent" time="4.483" classname="com.via.holiday.pages.TestHomePageHoliday"/>
  <testcase name="testSendUsYourFeedback" time="23.594" classname="com.via.holiday.pages.TestHomePageHoliday"/>
</testsuite> <!-- com.via.holiday.pages.TestHomePageHoliday -->
