<?xml version="1.0" encoding="UTF-8"?>
<!-- Generated by org.testng.reporters.JUnitReportReporter -->
<testsuite hostname="UMESH-PC" name="com.via.holiday.pages.TestHomePage" tests="2" failures="0" timestamp="20 Jul 2015 03:02:03 GMT" time="0.188" errors="0">
  <testcase name="titlejenkines" time="0.188" classname="com.via.holiday.pages.TestHomePage"/>
  <testcase name="testa" time="0.000" classname="com.via.holiday.pages.TestHomePage"/>
</testsuite> <!-- com.via.holiday.pages.TestHomePage -->
